#
# There is insufficient memory for the Java Runtime Environment to continue.
# Native memory allocation (mmap) failed to map 171966464 bytes for committing reserved memory.
# Possible reasons:
#   The system is out of physical RAM or swap space
#   The process is running with CompressedOops enabled, and the Java Heap may be blocking the growth of the native heap
# Possible solutions:
#   Reduce memory load on the system
#   Increase physical memory or swap space
#   Check if swap backing store is full
#   Decrease Java heap size (-Xmx/-Xms)
#   Decrease number of Java threads
#   Decrease Java thread stack sizes (-Xss)
#   Set larger code cache with -XX:ReservedCodeCacheSize=
# This output file may be truncated or incomplete.
#
#  Out of Memory Error (os_linux.cpp:2749), pid=18538, tid=0x00007fc2237e4700
#
# JRE version:  (8.0_201-b09) (build )
# Java VM: Java HotSpot(TM) 64-Bit Server VM (25.201-b09 mixed mode linux-amd64 compressed oops)
# Failed to write core dump. Core dumps have been disabled. To enable core dumping, try "ulimit -c unlimited" before starting Java again
#

---------------  T H R E A D  ---------------

Current thread (0x00007fc21c00b000):  JavaThread "Unknown thread" [_thread_in_vm, id=18545, stack(0x00007fc2236e5000,0x00007fc2237e5000)]

Stack: [0x00007fc2236e5000,0x00007fc2237e5000],  sp=0x00007fc2237e3570,  free space=1017k
Native frames: (J=compiled Java code, j=interpreted, Vv=VM code, C=native code)
V  [libjvm.so+0xad3525]  VMError::report_and_die()+0x2e5
V  [libjvm.so+0x4e0457]  report_vm_out_of_memory(char const*, int, unsigned long, VMErrorType, char const*)+0x67
V  [libjvm.so+0x9102f0]  os::pd_commit_memory(char*, unsigned long, unsigned long, bool)+0x100
V  [libjvm.so+0x90791f]  os::commit_memory(char*, unsigned long, unsigned long, bool)+0x1f
V  [libjvm.so+0x98c806]  PSVirtualSpace::expand_by(unsigned long)+0x56
V  [libjvm.so+0x97d0bc]  PSOldGen::initialize(ReservedSpace, unsigned long, char const*, int)+0x8c
V  [libjvm.so+0x2bcfce]  AdjoiningGenerations::AdjoiningGenerations(ReservedSpace, GenerationSizer*, unsigned long)+0x2fe
V  [libjvm.so+0x93ad32]  ParallelScavengeHeap::initialize()+0x222
V  [libjvm.so+0xa9714a]  Universe::initialize_heap()+0x16a
V  [libjvm.so+0xa97433]  universe_init()+0x33
V  [libjvm.so+0x631fd0]  init_globals()+0x50
V  [libjvm.so+0xa79b69]  Threads::create_vm(JavaVMInitArgs*, bool*)+0x409
V  [libjvm.so+0x6d7b4f]  JNI_CreateJavaVM+0x4f
C  [libjli.so+0x7ee4]  JavaMain+0x84
C  [libpthread.so.0+0x76db]  start_thread+0xdb


---------------  P R O C E S S  ---------------

Java Threads: ( => current thread )

Other Threads:

=>0x00007fc21c00b000 (exited) JavaThread "Unknown thread" [_thread_in_vm, id=18545, stack(0x00007fc2236e5000,0x00007fc2237e5000)]

VM state:not at safepoint (not fully initialized)

VM Mutex/Monitor currently owned by a thread: None

heap address: 0x00000006ca000000, size: 3936 MB, Compressed Oops mode: Non-zero based:0x00000006c9fff000, Oop shift amount: 3
Narrow klass base: 0x0000000000000000, Narrow klass shift: 0

GC Heap History (0 events):
No events

Deoptimization events (0 events):
No events

Classes redefined (0 events):
No events

Internal exceptions (0 events):
No events

Events (0 events):
No events


Dynamic libraries:
00400000-00401000 r-xp 00000000 08:01 12848482                           /usr/lib/jvm/java-8-oracle/bin/java
00600000-00601000 r--p 00000000 08:01 12848482                           /usr/lib/jvm/java-8-oracle/bin/java
00601000-00602000 rw-p 00001000 08:01 12848482                           /usr/lib/jvm/java-8-oracle/bin/java
024b8000-024d9000 rw-p 00000000 00:00 0                                  [heap]
6d4400000-76e000000 ---p 00000000 00:00 0 
76e000000-773200000 rw-p 00000000 00:00 0 
773200000-7c0000000 ---p 00000000 00:00 0 
7fc20c84f000-7fc20cd6f000 ---p 00000000 00:00 0 
7fc20cd6f000-7fc20cd98000 rw-p 00000000 00:00 0 
7fc20cd98000-7fc20cfff000 ---p 00000000 00:00 0 
7fc20cfff000-7fc20d000000 rw-p 00000000 00:00 0 
7fc20d000000-7fc20d270000 rwxp 00000000 00:00 0 
7fc20d270000-7fc21c000000 ---p 00000000 00:00 0 
7fc21c000000-7fc21c035000 rw-p 00000000 00:00 0 
7fc21c035000-7fc220000000 ---p 00000000 00:00 0 
7fc220134000-7fc2203d3000 rw-p 00000000 00:00 0 
7fc2203d3000-7fc220789000 ---p 00000000 00:00 0 
7fc220789000-7fc2207a4000 r-xp 00000000 08:01 788164                     /usr/lib/jvm/java-8-oracle/jre/lib/amd64/libzip.so
7fc2207a4000-7fc2209a3000 ---p 0001b000 08:01 788164                     /usr/lib/jvm/java-8-oracle/jre/lib/amd64/libzip.so
7fc2209a3000-7fc2209a4000 r--p 0001a000 08:01 788164                     /usr/lib/jvm/java-8-oracle/jre/lib/amd64/libzip.so
7fc2209a4000-7fc2209a5000 rw-p 0001b000 08:01 788164                     /usr/lib/jvm/java-8-oracle/jre/lib/amd64/libzip.so
7fc2209a5000-7fc2209b0000 r-xp 00000000 08:01 3674870                    /lib/x86_64-linux-gnu/libnss_files-2.27.so
7fc2209b0000-7fc220baf000 ---p 0000b000 08:01 3674870                    /lib/x86_64-linux-gnu/libnss_files-2.27.so
7fc220baf000-7fc220bb0000 r--p 0000a000 08:01 3674870                    /lib/x86_64-linux-gnu/libnss_files-2.27.so
7fc220bb0000-7fc220bb1000 rw-p 0000b000 08:01 3674870                    /lib/x86_64-linux-gnu/libnss_files-2.27.so
7fc220bb1000-7fc220bb7000 rw-p 00000000 00:00 0 
7fc220bb7000-7fc220bce000 r-xp 00000000 08:01 3674864                    /lib/x86_64-linux-gnu/libnsl-2.27.so
7fc220bce000-7fc220dcd000 ---p 00017000 08:01 3674864                    /lib/x86_64-linux-gnu/libnsl-2.27.so
7fc220dcd000-7fc220dce000 r--p 00016000 08:01 3674864                    /lib/x86_64-linux-gnu/libnsl-2.27.so
7fc220dce000-7fc220dcf000 rw-p 00017000 08:01 3674864                    /lib/x86_64-linux-gnu/libnsl-2.27.so
7fc220dcf000-7fc220dd1000 rw-p 00000000 00:00 0 
7fc220dd1000-7fc220ddc000 r-xp 00000000 08:01 3674881                    /lib/x86_64-linux-gnu/libnss_nis-2.27.so
7fc220ddc000-7fc220fdb000 ---p 0000b000 08:01 3674881                    /lib/x86_64-linux-gnu/libnss_nis-2.27.so
7fc220fdb000-7fc220fdc000 r--p 0000a000 08:01 3674881                    /lib/x86_64-linux-gnu/libnss_nis-2.27.so
7fc220fdc000-7fc220fdd000 rw-p 0000b000 08:01 3674881                    /lib/x86_64-linux-gnu/libnss_nis-2.27.so
7fc220fdd000-7fc220fe5000 r-xp 00000000 08:01 3674866                    /lib/x86_64-linux-gnu/libnss_compat-2.27.so
7fc220fe5000-7fc2211e5000 ---p 00008000 08:01 3674866                    /lib/x86_64-linux-gnu/libnss_compat-2.27.so
7fc2211e5000-7fc2211e6000 r--p 00008000 08:01 3674866                    /lib/x86_64-linux-gnu/libnss_compat-2.27.so
7fc2211e6000-7fc2211e7000 rw-p 00009000 08:01 3674866                    /lib/x86_64-linux-gnu/libnss_compat-2.27.so
7fc2211e7000-7fc221213000 r-xp 00000000 08:01 788158                     /usr/lib/jvm/java-8-oracle/jre/lib/amd64/libjava.so
7fc221213000-7fc221413000 ---p 0002c000 08:01 788158                     /usr/lib/jvm/java-8-oracle/jre/lib/amd64/libjava.so
7fc221413000-7fc221414000 r--p 0002c000 08:01 788158                     /usr/lib/jvm/java-8-oracle/jre/lib/amd64/libjava.so
7fc221414000-7fc221416000 rw-p 0002d000 08:01 788158                     /usr/lib/jvm/java-8-oracle/jre/lib/amd64/libjava.so
7fc221416000-7fc221423000 r-xp 00000000 08:01 788163                     /usr/lib/jvm/java-8-oracle/jre/lib/amd64/libverify.so
7fc221423000-7fc221622000 ---p 0000d000 08:01 788163                     /usr/lib/jvm/java-8-oracle/jre/lib/amd64/libverify.so
7fc221622000-7fc221624000 r--p 0000c000 08:01 788163                     /usr/lib/jvm/java-8-oracle/jre/lib/amd64/libverify.so
7fc221624000-7fc221625000 rw-p 0000e000 08:01 788163                     /usr/lib/jvm/java-8-oracle/jre/lib/amd64/libverify.so
7fc221625000-7fc22162c000 r-xp 00000000 08:01 3674921                    /lib/x86_64-linux-gnu/librt-2.27.so
7fc22162c000-7fc22182b000 ---p 00007000 08:01 3674921                    /lib/x86_64-linux-gnu/librt-2.27.so
7fc22182b000-7fc22182c000 r--p 00006000 08:01 3674921                    /lib/x86_64-linux-gnu/librt-2.27.so
7fc22182c000-7fc22182d000 rw-p 00007000 08:01 3674921                    /lib/x86_64-linux-gnu/librt-2.27.so
7fc22182d000-7fc2219ca000 r-xp 00000000 08:01 3674843                    /lib/x86_64-linux-gnu/libm-2.27.so
7fc2219ca000-7fc221bc9000 ---p 0019d000 08:01 3674843                    /lib/x86_64-linux-gnu/libm-2.27.so
7fc221bc9000-7fc221bca000 r--p 0019c000 08:01 3674843                    /lib/x86_64-linux-gnu/libm-2.27.so
7fc221bca000-7fc221bcb000 rw-p 0019d000 08:01 3674843                    /lib/x86_64-linux-gnu/libm-2.27.so
7fc221bcb000-7fc2228b3000 r-xp 00000000 08:01 788140                     /usr/lib/jvm/java-8-oracle/jre/lib/amd64/server/libjvm.so
7fc2228b3000-7fc222ab2000 ---p 00ce8000 08:01 788140                     /usr/lib/jvm/java-8-oracle/jre/lib/amd64/server/libjvm.so
7fc222ab2000-7fc222b48000 r--p 00ce7000 08:01 788140                     /usr/lib/jvm/java-8-oracle/jre/lib/amd64/server/libjvm.so
7fc222b48000-7fc222b79000 rw-p 00d7d000 08:01 788140                     /usr/lib/jvm/java-8-oracle/jre/lib/amd64/server/libjvm.so
7fc222b79000-7fc222bb4000 rw-p 00000000 00:00 0 
7fc222bb4000-7fc222d9b000 r-xp 00000000 08:01 3674780                    /lib/x86_64-linux-gnu/libc-2.27.so
7fc222d9b000-7fc222f9b000 ---p 001e7000 08:01 3674780                    /lib/x86_64-linux-gnu/libc-2.27.so
7fc222f9b000-7fc222f9f000 r--p 001e7000 08:01 3674780                    /lib/x86_64-linux-gnu/libc-2.27.so
7fc222f9f000-7fc222fa1000 rw-p 001eb000 08:01 3674780                    /lib/x86_64-linux-gnu/libc-2.27.so
7fc222fa1000-7fc222fa5000 rw-p 00000000 00:00 0 
7fc222fa5000-7fc222fa8000 r-xp 00000000 08:01 3674803                    /lib/x86_64-linux-gnu/libdl-2.27.so
7fc222fa8000-7fc2231a7000 ---p 00003000 08:01 3674803                    /lib/x86_64-linux-gnu/libdl-2.27.so
7fc2231a7000-7fc2231a8000 r--p 00002000 08:01 3674803                    /lib/x86_64-linux-gnu/libdl-2.27.so
7fc2231a8000-7fc2231a9000 rw-p 00003000 08:01 3674803                    /lib/x86_64-linux-gnu/libdl-2.27.so
7fc2231a9000-7fc2231c0000 r-xp 00000000 08:01 13242446                   /usr/lib/jvm/java-8-oracle/lib/amd64/jli/libjli.so
7fc2231c0000-7fc2233bf000 ---p 00017000 08:01 13242446                   /usr/lib/jvm/java-8-oracle/lib/amd64/jli/libjli.so
7fc2233bf000-7fc2233c0000 r--p 00016000 08:01 13242446                   /usr/lib/jvm/java-8-oracle/lib/amd64/jli/libjli.so
7fc2233c0000-7fc2233c1000 rw-p 00017000 08:01 13242446                   /usr/lib/jvm/java-8-oracle/lib/amd64/jli/libjli.so
7fc2233c1000-7fc2233db000 r-xp 00000000 08:01 3674913                    /lib/x86_64-linux-gnu/libpthread-2.27.so
7fc2233db000-7fc2235da000 ---p 0001a000 08:01 3674913                    /lib/x86_64-linux-gnu/libpthread-2.27.so
7fc2235da000-7fc2235db000 r--p 00019000 08:01 3674913                    /lib/x86_64-linux-gnu/libpthread-2.27.so
7fc2235db000-7fc2235dc000 rw-p 0001a000 08:01 3674913                    /lib/x86_64-linux-gnu/libpthread-2.27.so
7fc2235dc000-7fc2235e0000 rw-p 00000000 00:00 0 
7fc2235e0000-7fc223607000 r-xp 00000000 08:01 3674752                    /lib/x86_64-linux-gnu/ld-2.27.so
7fc2236e4000-7fc2236e5000 ---p 00000000 00:00 0 
7fc2236e5000-7fc2236e8000 ---p 00000000 00:00 0 
7fc2236e8000-7fc2237e9000 rw-p 00000000 00:00 0 
7fc2237fd000-7fc223805000 rw-s 00000000 08:01 9183517                    /tmp/hsperfdata_aditya/18538
7fc223805000-7fc223806000 rw-p 00000000 00:00 0 
7fc223806000-7fc223807000 r--p 00000000 00:00 0 
7fc223807000-7fc223808000 r--p 00027000 08:01 3674752                    /lib/x86_64-linux-gnu/ld-2.27.so
7fc223808000-7fc223809000 rw-p 00028000 08:01 3674752                    /lib/x86_64-linux-gnu/ld-2.27.so
7fc223809000-7fc22380a000 rw-p 00000000 00:00 0 
7fff38156000-7fff38177000 rw-p 00000000 00:00 0                          [stack]
7fff38185000-7fff38188000 r--p 00000000 00:00 0                          [vvar]
7fff38188000-7fff3818a000 r-xp 00000000 00:00 0                          [vdso]
ffffffffff600000-ffffffffff601000 r-xp 00000000 00:00 0                  [vsyscall]

VM Arguments:
jvm_args: -Dorg.gradle.appname=gradlew 
java_command: org.gradle.wrapper.GradleWrapperMain -v
java_class_path (initial): /home/aditya/Documents/FlutterProjects/flutter_taia_care/android/gradle/wrapper/gradle-wrapper.jar
Launcher Type: SUN_STANDARD

Environment Variables:
JAVA_HOME=/usr/lib/jvm/java-8-oracle
PATH=/usr/local/sbin:/usr/local/bin:/usr/sbin:/usr/bin:/sbin:/bin:/usr/games:/usr/local/games:/snap/bin:/usr/lib/jvm/java-8-oracle/bin:/usr/lib/jvm/java-8-oracle/db/bin:/usr/lib/jvm/java-8-oracle/jre/bin
USERNAME=aditya
SHELL=/bin/bash
DISPLAY=:0

Signal Handlers:
SIGSEGV: [libjvm.so+0xad3e60], sa_mask[0]=11111111011111111101111111111110, sa_flags=SA_RESTART|SA_SIGINFO
SIGBUS: [libjvm.so+0xad3e60], sa_mask[0]=11111111011111111101111111111110, sa_flags=SA_RESTART|SA_SIGINFO
SIGFPE: [libjvm.so+0x90b880], sa_mask[0]=11111111011111111101111111111110, sa_flags=SA_RESTART|SA_SIGINFO
SIGPIPE: [libjvm.so+0x90b880], sa_mask[0]=11111111011111111101111111111110, sa_flags=SA_RESTART|SA_SIGINFO
SIGXFSZ: [libjvm.so+0x90b880], sa_mask[0]=11111111011111111101111111111110, sa_flags=SA_RESTART|SA_SIGINFO
SIGILL: [libjvm.so+0x90b880], sa_mask[0]=11111111011111111101111111111110, sa_flags=SA_RESTART|SA_SIGINFO
SIGUSR1: SIG_DFL, sa_mask[0]=00000000000000000000000000000000, sa_flags=none
SIGUSR2: [libjvm.so+0x90b750], sa_mask[0]=00100000000000000000010000100000, sa_flags=SA_RESTART|SA_SIGINFO
SIGHUP: SIG_IGN, sa_mask[0]=00000000000000000000000000000000, sa_flags=none
SIGINT: SIG_DFL, sa_mask[0]=00000000000000000000000000000000, sa_flags=none
SIGTERM: SIG_DFL, sa_mask[0]=00000000000000000000000000000000, sa_flags=none
SIGQUIT: SIG_DFL, sa_mask[0]=00000000000000000000000000000000, sa_flags=none


---------------  S Y S T E M  ---------------

OS:DISTRIB_ID=Ubuntu
DISTRIB_RELEASE=18.04
DISTRIB_CODENAME=bionic
DISTRIB_DESCRIPTION="Ubuntu 18.04.3 LTS"

uname:Linux 4.15.0-72-generic #81-Ubuntu SMP Tue Nov 26 12:20:02 UTC 2019 x86_64
libc:glibc 2.27 NPTL 2.27 
rlimit: STACK 8192k, CORE 0k, NPROC 62789, NOFILE 1048576, AS infinity
load average:2.96 3.30 3.22

/proc/meminfo:
MemTotal:       16118796 kB
MemFree:          145860 kB
MemAvailable:      53388 kB
Buffers:            4304 kB
Cached:          1542284 kB
SwapCached:         8432 kB
Active:         14066192 kB
Inactive:        1326136 kB
Active(anon):   14036524 kB
Inactive(anon):  1289860 kB
Active(file):      29668 kB
Inactive(file):    36276 kB
Unevictable:          48 kB
Mlocked:              48 kB
SwapTotal:       2097148 kB
SwapFree:              0 kB
Dirty:               808 kB
Writeback:             0 kB
AnonPages:      13838492 kB
Mapped:           924676 kB
Shmem:           1479740 kB
Slab:             195084 kB
SReclaimable:      85240 kB
SUnreclaim:       109844 kB
KernelStack:       26816 kB
PageTables:       194308 kB
NFS_Unstable:          0 kB
Bounce:                0 kB
WritebackTmp:          0 kB
CommitLimit:    10156544 kB
Committed_AS:   31523012 kB
VmallocTotal:   34359738367 kB
VmallocUsed:           0 kB
VmallocChunk:          0 kB
HardwareCorrupted:     0 kB
AnonHugePages:         0 kB
ShmemHugePages:        0 kB
ShmemPmdMapped:        0 kB
CmaTotal:              0 kB
CmaFree:               0 kB
HugePages_Total:       0
HugePages_Free:        0
HugePages_Rsvd:        0
HugePages_Surp:        0
Hugepagesize:       2048 kB
DirectMap4k:      524912 kB
DirectMap2M:    14893056 kB
DirectMap1G:     1048576 kB

container (cgroup) information:
container_type: cgroupv1
cpu_cpuset_cpus: 0-3
cpu_memory_nodes: 0
active_processor_count: 4
cpu_quota: -1
cpu_period: 100000
cpu_shares: -1
memory_limit_in_bytes: -1
memory_and_swap_limit_in_bytes: -2
memory_soft_limit_in_bytes: -1
memory_usage_in_bytes: 15760171008
memory_max_usage_in_bytes: 0


CPU:total 4 (initial active 4) (2 cores per cpu, 2 threads per core) family 6 model 61 stepping 4, cmov, cx8, fxsr, mmx, sse, sse2, sse3, ssse3, sse4.1, sse4.2, popcnt, avx, avx2, aes, clmul, erms, rtm, 3dnowpref, lzcnt, ht, tsc, tscinvbit, bmi1, bmi2, adx

/proc/cpuinfo:
processor	: 0
vendor_id	: GenuineIntel
cpu family	: 6
model		: 61
model name	: Intel(R) Core(TM) i5-5300U CPU @ 2.30GHz
stepping	: 4
microcode	: 0x2e
cpu MHz		: 2693.102
cache size	: 3072 KB
physical id	: 0
siblings	: 4
core id		: 0
cpu cores	: 2
apicid		: 0
initial apicid	: 0
fpu		: yes
fpu_exception	: yes
cpuid level	: 20
wp		: yes
flags		: fpu vme de pse tsc msr pae mce cx8 apic sep mtrr pge mca cmov pat pse36 clflush dts acpi mmx fxsr sse sse2 ss ht tm pbe syscall nx pdpe1gb rdtscp lm constant_tsc arch_perfmon pebs bts rep_good nopl xtopology nonstop_tsc cpuid aperfmperf pni pclmulqdq dtes64 monitor ds_cpl vmx smx est tm2 ssse3 sdbg fma cx16 xtpr pdcm pcid sse4_1 sse4_2 x2apic movbe popcnt tsc_deadline_timer aes xsave avx f16c rdrand lahf_lm abm 3dnowprefetch cpuid_fault epb invpcid_single pti ssbd ibrs ibpb stibp tpr_shadow vnmi flexpriority ept vpid fsgsbase tsc_adjust bmi1 hle avx2 smep bmi2 erms invpcid rtm rdseed adx smap intel_pt xsaveopt dtherm ida arat pln pts md_clear flush_l1d
bugs		: cpu_meltdown spectre_v1 spectre_v2 spec_store_bypass l1tf mds swapgs taa itlb_multihit
bogomips	: 4588.92
clflush size	: 64
cache_alignment	: 64
address sizes	: 39 bits physical, 48 bits virtual
power management:

processor	: 1
vendor_id	: GenuineIntel
cpu family	: 6
model		: 61
model name	: Intel(R) Core(TM) i5-5300U CPU @ 2.30GHz
stepping	: 4
microcode	: 0x2e
cpu MHz		: 2693.014
cache size	: 3072 KB
physical id	: 0
siblings	: 4
core id		: 0
cpu cores	: 2
apicid		: 1
initial apicid	: 1
fpu		: yes
fpu_exception	: yes
cpuid level	: 20
wp		: yes
flags		: fpu vme de pse tsc msr pae mce cx8 apic sep mtrr pge mca cmov pat pse36 clflush dts acpi mmx fxsr sse sse2 ss ht tm pbe syscall nx pdpe1gb rdtscp lm constant_tsc arch_perfmon pebs bts rep_good nopl xtopology nonstop_tsc cpuid aperfmperf pni pclmulqdq dtes64 monitor ds_cpl vmx smx est tm2 ssse3 sdbg fma cx16 xtpr pdcm pcid sse4_1 sse4_2 x2apic movbe popcnt tsc_deadline_timer aes xsave avx f16c rdrand lahf_lm abm 3dnowprefetch cpuid_fault epb invpcid_single pti ssbd ibrs ibpb stibp tpr_shadow vnmi flexpriority ept vpid fsgsbase tsc_adjust bmi1 hle avx2 smep bmi2 erms invpcid rtm rdseed adx smap intel_pt xsaveopt dtherm ida arat pln pts md_clear flush_l1d
bugs		: cpu_meltdown spectre_v1 spectre_v2 spec_store_bypass l1tf mds swapgs taa itlb_multihit
bogomips	: 4588.92
clflush size	: 64
cache_alignment	: 64
address sizes	: 39 bits physical, 48 bits virtual
power management:

processor	: 2
vendor_id	: GenuineIntel
cpu family	: 6
model		: 61
model name	: Intel(R) Core(TM) i5-5300U CPU @ 2.30GHz
stepping	: 4
microcode	: 0x2e
cpu MHz		: 2693.163
cache size	: 3072 KB
physical id	: 0
siblings	: 4
core id		: 1
cpu cores	: 2
apicid		: 2
initial apicid	: 2
fpu		: yes
fpu_exception	: yes
cpuid level	: 20
wp		: yes
flags		: fpu vme de pse tsc msr pae mce cx8 apic sep mtrr pge mca cmov pat pse36 clflush dts acpi mmx fxsr sse sse2 ss ht tm pbe syscall nx pdpe1gb rdtscp lm constant_tsc arch_perfmon pebs bts rep_good nopl xtopology nonstop_tsc cpuid aperfmperf pni pclmulqdq dtes64 monitor ds_cpl vmx smx est tm2 ssse3 sdbg fma cx16 xtpr pdcm pcid sse4_1 sse4_2 x2apic movbe popcnt tsc_deadline_timer aes xsave avx f16c rdrand lahf_lm abm 3dnowprefetch cpuid_fault epb invpcid_single pti ssbd ibrs ibpb stibp tpr_shadow vnmi flexpriority ept vpid fsgsbase tsc_adjust bmi1 hle avx2 smep bmi2 erms invpcid rtm rdseed adx smap intel_pt xsaveopt dtherm ida arat pln pts md_clear flush_l1d
bugs		: cpu_meltdown spectre_v1 spectre_v2 spec_store_bypass l1tf mds swapgs taa itlb_multihit
bogomips	: 4588.92
clflush size	: 64
cache_alignment	: 64
address sizes	: 39 bits physical, 48 bits virtual
power management:

processor	: 3
vendor_id	: GenuineIntel
cpu family	: 6
model		: 61
model name	: Intel(R) Core(TM) i5-5300U CPU @ 2.30GHz
stepping	: 4
microcode	: 0x2e
cpu MHz		: 2692.944
cache size	: 3072 KB
physical id	: 0
siblings	: 4
core id		: 1
cpu cores	: 2
apicid		: 3
initial apicid	: 3
fpu		: yes
fpu_exception	: yes
cpuid level	: 20
wp		: yes
flags		: fpu vme de pse tsc msr pae mce cx8 apic sep mtrr pge mca cmov pat pse36 clflush dts acpi mmx fxsr sse sse2 ss ht tm pbe syscall nx pdpe1gb rdtscp lm constant_tsc arch_perfmon pebs bts rep_good nopl xtopology nonstop_tsc cpuid aperfmperf pni pclmulqdq dtes64 monitor ds_cpl vmx smx est tm2 ssse3 sdbg fma cx16 xtpr pdcm pcid sse4_1 sse4_2 x2apic movbe popcnt tsc_deadline_timer aes xsave avx f16c rdrand lahf_lm abm 3dnowprefetch cpuid_fault epb invpcid_single pti ssbd ibrs ibpb stibp tpr_shadow vnmi flexpriority ept vpid fsgsbase tsc_adjust bmi1 hle avx2 smep bmi2 erms invpcid rtm rdseed adx smap intel_pt xsaveopt dtherm ida arat pln pts md_clear flush_l1d
bugs		: cpu_meltdown spectre_v1 spectre_v2 spec_store_bypass l1tf mds swapgs taa itlb_multihit
bogomips	: 4588.92
clflush size	: 64
cache_alignment	: 64
address sizes	: 39 bits physical, 48 bits virtual
power management:



Memory: 4k page, physical 16118796k(146364k free), swap 2097148k(0k free)

vm_info: Java HotSpot(TM) 64-Bit Server VM (25.201-b09) for linux-amd64 JRE (1.8.0_201-b09), built on Dec 15 2018 11:35:59 by "java_re" with gcc 7.3.0

time: Thu Dec 26 23:38:43 2019
timezone: IST
elapsed time: 0 seconds (0d 0h 0m 0s)

